{
  "RSpec": {
    "coverage": {
      "/home/codio/workspace/project/app.rb": {
        "lines": [
          1,
          1,
          null,
          1,
          1,
          null,
          1,
          null,
          1,
          1,
          null
        ]
      },
      "/home/codio/workspace/project/db/db.rb": {
        "lines": [
          1,
          1,
          null,
          null,
          1,
          null,
          null,
          1,
          1,
          null,
          null,
          1,
          1,
          null,
          null,
          1,
          null,
          null,
          1,
          null
        ]
      },
      "/home/codio/workspace/project/models/post.rb": {
        "lines": [
          1,
          null,
          null,
          1,
          21,
          21,
          21,
          21,
          21,
          21,
          21,
          21,
          21,
          null,
          null,
          null,
          null,
          null,
          1,
          2,
          2,
          null,
          2,
          null,
          null,
          1,
          24,
          24,
          24,
          24,
          24,
          24,
          null,
          null,
          null
        ]
      },
      "/home/codio/workspace/project/models/user.rb": {
        "lines": [
          1,
          null,
          1,
          null,
          1,
          30,
          30,
          30,
          30,
          30,
          30,
          30,
          30,
          30,
          null,
          null,
          1,
          29,
          29,
          null,
          null,
          1,
          64,
          64,
          64,
          null,
          null,
          1,
          24,
          1,
          null,
          23,
          23,
          23,
          23,
          23,
          23,
          null,
          23,
          null,
          null,
          null,
          1,
          20,
          20,
          null,
          null,
          1,
          20,
          20,
          null,
          null,
          1,
          20,
          20,
          null,
          null,
          1,
          22,
          null,
          22,
          null,
          null,
          1,
          9,
          9,
          null,
          9,
          null,
          null,
          null
        ]
      },
      "/home/codio/workspace/project/controllers/admin.rb": {
        "lines": [
          1,
          null,
          1,
          null,
          2,
          null,
          2,
          2,
          null,
          2,
          null,
          null,
          1,
          null,
          1,
          null,
          1,
          1,
          null,
          1,
          null,
          null,
          1,
          null,
          1,
          null,
          1,
          1,
          null,
          1,
          null,
          null,
          1,
          null,
          1,
          null,
          1,
          1,
          null,
          1,
          null,
          null,
          1,
          null,
          2,
          null,
          2,
          2,
          null,
          2,
          null,
          null,
          1,
          null,
          1,
          null,
          1,
          1,
          null,
          1,
          null,
          null,
          1,
          null,
          45,
          45,
          null,
          null,
          45,
          28,
          null,
          45,
          17,
          null,
          45,
          0,
          null,
          45,
          0,
          0,
          null,
          null,
          45,
          null
        ]
      },
      "/home/codio/workspace/project/controllers/create_account.rb": {
        "lines": [
          1,
          1,
          1,
          26,
          null,
          26,
          26,
          26,
          26,
          null,
          null,
          26,
          null,
          26,
          26,
          26,
          26,
          26,
          26,
          null,
          26,
          null,
          26,
          null,
          21,
          21,
          21,
          21,
          21,
          21,
          null,
          null,
          5,
          null,
          5,
          5,
          5,
          5,
          null,
          null,
          5,
          null,
          null,
          null
        ]
      },
      "/home/codio/workspace/project/controllers/create_post.rb": {
        "lines": [
          1,
          null,
          1,
          21,
          null,
          21,
          21,
          21,
          21,
          21,
          21,
          null,
          null,
          21,
          21,
          null,
          null,
          21,
          21,
          21,
          21,
          21,
          null,
          21,
          null,
          21,
          null,
          16,
          16,
          16,
          16,
          16,
          16,
          null,
          null,
          16,
          13,
          null,
          16,
          null,
          null,
          5,
          5,
          5,
          5,
          null,
          null,
          5,
          null,
          null
        ]
      },
      "/home/codio/workspace/project/controllers/edit_personal_details.rb": {
        "lines": [
          1,
          2,
          2,
          2,
          null,
          null,
          1,
          2,
          null,
          2,
          2,
          2,
          null,
          2,
          1,
          1,
          null,
          null,
          null,
          1,
          null
        ]
      },
      "/home/codio/workspace/project/controllers/edit_post_from_mod_page.rb": {
        "lines": [
          1,
          1,
          1,
          1,
          null,
          null,
          1,
          0,
          null,
          0,
          0,
          0,
          null,
          0,
          0,
          0,
          null,
          null,
          null,
          0,
          null,
          null
        ]
      },
      "/home/codio/workspace/project/controllers/edit_post_from_viewer_page.rb": {
        "lines": [
          1,
          1,
          1,
          1,
          null,
          null,
          1,
          0,
          null,
          0,
          0,
          0,
          null,
          0,
          0,
          0,
          null,
          null,
          null,
          0,
          null
        ]
      },
      "/home/codio/workspace/project/controllers/edit_user_from_admin.rb": {
        "lines": [
          1,
          1,
          1,
          1,
          null,
          null,
          1,
          0,
          null,
          0,
          0,
          0,
          null,
          0,
          0,
          0,
          null,
          null,
          null,
          0,
          null
        ]
      },
      "/home/codio/workspace/project/controllers/forgot_password.rb": {
        "lines": [
          1,
          1,
          null,
          1,
          2,
          null,
          null,
          1,
          2,
          null,
          2,
          null,
          2,
          null,
          2,
          1,
          null,
          1,
          1,
          null,
          1,
          null,
          null,
          2,
          null
        ]
      },
      "/home/codio/workspace/project/controllers/login.rb": {
        "lines": [
          1,
          null,
          1,
          null,
          20,
          20,
          null,
          null,
          1,
          59,
          59,
          null,
          null,
          1,
          29,
          29,
          29,
          null,
          null,
          null,
          29,
          24,
          22,
          20,
          20,
          20,
          20,
          20,
          null,
          20,
          5,
          null,
          null,
          20,
          4,
          null,
          null,
          20,
          1,
          null,
          null,
          20,
          null,
          2,
          null,
          null,
          2,
          null,
          null,
          5,
          null,
          null,
          null,
          9,
          null,
          null,
          1,
          10,
          10,
          null,
          null
        ]
      },
      "/home/codio/workspace/project/controllers/main-controller.rb": {
        "lines": [
          1,
          null,
          1,
          4,
          null,
          null,
          1,
          28,
          null,
          null,
          1,
          49,
          null,
          null
        ]
      },
      "/home/codio/workspace/project/controllers/moderator.rb": {
        "lines": [
          1,
          null,
          1,
          null,
          8,
          null,
          8,
          8,
          null,
          8,
          null,
          null,
          1,
          null,
          2,
          null,
          2,
          2,
          null,
          2,
          null,
          null,
          1,
          null,
          30,
          30,
          30,
          null,
          30,
          null,
          30,
          24,
          null,
          30,
          0,
          null,
          30,
          4,
          null,
          30,
          2,
          null,
          30,
          0,
          0,
          null,
          30,
          0,
          0,
          null,
          30,
          0,
          0,
          null,
          30,
          0,
          0,
          0,
          null,
          30,
          null,
          null
        ]
      },
      "/home/codio/workspace/project/controllers/password_reset.rb": {
        "lines": [
          1,
          null,
          1,
          5,
          5,
          null,
          null,
          null,
          1,
          2,
          2,
          2,
          null,
          null,
          1,
          2,
          null,
          2,
          2,
          2,
          null,
          2,
          1,
          1,
          null,
          null,
          null,
          1,
          null
        ]
      },
      "/home/codio/workspace/project/controllers/post_summaries.rb": {
        "lines": [
          1,
          null,
          1,
          null,
          4,
          4,
          4,
          4,
          null,
          4,
          3,
          null,
          4,
          0,
          null,
          4,
          1,
          null,
          4,
          0,
          null,
          4,
          0,
          0,
          null,
          4,
          0,
          0,
          null,
          4,
          0,
          0,
          null,
          4,
          0,
          0,
          0,
          null,
          null,
          null,
          4,
          null,
          null,
          null,
          null
        ]
      },
      "/home/codio/workspace/project/controllers/profile.rb": {
        "lines": [
          1,
          null,
          7,
          null,
          7,
          7,
          null,
          0,
          null,
          null,
          7,
          null,
          7,
          7,
          null,
          0,
          null,
          null,
          7,
          null
        ]
      },
      "/home/codio/workspace/project/controllers/viewer.rb": {
        "lines": [
          1,
          null,
          1,
          null,
          26,
          26,
          26,
          26,
          null,
          26,
          18,
          null,
          26,
          0,
          null,
          26,
          6,
          null,
          26,
          2,
          null,
          26,
          0,
          0,
          null,
          26,
          0,
          0,
          null,
          26,
          0,
          0,
          null,
          26,
          0,
          0,
          0,
          null,
          null,
          null,
          26,
          null,
          null,
          1,
          null,
          0,
          null,
          0,
          0,
          null,
          0,
          null,
          null
        ]
      }
    },
    "timestamp": 1652044552
  }
}
